  Benchmark.cpp
D:\cs\C++\CPP\GBF\Project1\Project1\Benchmark.cpp(47,27): error C4839: 将类 "std::atomic<unsigned int>" 作为可变参数函数的参数的非标准用法
D:\cs\C++\CPP\GBF\Project1\Project1\Benchmark.cpp(47,27): message : 不会调用构造函数和析构函数；该类的位副本将作为参数进行传递
C:\Program Files (x86)\Microsoft Visual Studio\2019\Community\VC\Tools\MSVC\14.29.30133\include\atomic(2843,23): message : 参见“std::atomic<unsigned int>”的声明
D:\cs\C++\CPP\GBF\Project1\Project1\Benchmark.cpp(47,42): error C2280: “std::atomic<unsigned int>::atomic(const std::atomic<unsigned int> &)”: 尝试引用已删除的函数
C:\Program Files (x86)\Microsoft Visual Studio\2019\Community\VC\Tools\MSVC\14.29.30133\include\atomic(2254): message : 参见“std::atomic<unsigned int>::atomic”的声明
C:\Program Files (x86)\Microsoft Visual Studio\2019\Community\VC\Tools\MSVC\14.29.30133\include\atomic(2254,5): message : “std::atomic<unsigned int>::atomic(const std::atomic<unsigned int> &)”: 已隐式删除函数
D:\cs\C++\CPP\GBF\Project1\Project1\Benchmark.cpp(46,9): warning C4477: “printf”: 格式字符串“%u”需要类型“unsigned int”的参数，但可变参数 4 拥有了类型“std::atomic<unsigned int>”
D:\cs\C++\CPP\GBF\Project1\Project1\Benchmark.cpp(50,27): error C4839: 将类 "std::atomic<unsigned int>" 作为可变参数函数的参数的非标准用法
D:\cs\C++\CPP\GBF\Project1\Project1\Benchmark.cpp(50,27): message : 不会调用构造函数和析构函数；该类的位副本将作为参数进行传递
C:\Program Files (x86)\Microsoft Visual Studio\2019\Community\VC\Tools\MSVC\14.29.30133\include\atomic(2843,23): message : 参见“std::atomic<unsigned int>”的声明
D:\cs\C++\CPP\GBF\Project1\Project1\Benchmark.cpp(50,40): error C2280: “std::atomic<unsigned int>::atomic(const std::atomic<unsigned int> &)”: 尝试引用已删除的函数
C:\Program Files (x86)\Microsoft Visual Studio\2019\Community\VC\Tools\MSVC\14.29.30133\include\atomic(2254): message : 参见“std::atomic<unsigned int>::atomic”的声明
C:\Program Files (x86)\Microsoft Visual Studio\2019\Community\VC\Tools\MSVC\14.29.30133\include\atomic(2254,5): message : “std::atomic<unsigned int>::atomic(const std::atomic<unsigned int> &)”: 已隐式删除函数
D:\cs\C++\CPP\GBF\Project1\Project1\Benchmark.cpp(49,9): warning C4477: “printf”: 格式字符串“%u”需要类型“unsigned int”的参数，但可变参数 4 拥有了类型“std::atomic<unsigned int>”
D:\cs\C++\CPP\GBF\Project1\Project1\Benchmark.cpp(100,27): error C4839: 将类 "std::atomic<unsigned int>" 作为可变参数函数的参数的非标准用法
D:\cs\C++\CPP\GBF\Project1\Project1\Benchmark.cpp(100,27): message : 不会调用构造函数和析构函数；该类的位副本将作为参数进行传递
C:\Program Files (x86)\Microsoft Visual Studio\2019\Community\VC\Tools\MSVC\14.29.30133\include\atomic(2843,23): message : 参见“std::atomic<unsigned int>”的声明
D:\cs\C++\CPP\GBF\Project1\Project1\Benchmark.cpp(100,42): error C2280: “std::atomic<unsigned int>::atomic(const std::atomic<unsigned int> &)”: 尝试引用已删除的函数
C:\Program Files (x86)\Microsoft Visual Studio\2019\Community\VC\Tools\MSVC\14.29.30133\include\atomic(2254): message : 参见“std::atomic<unsigned int>::atomic”的声明
C:\Program Files (x86)\Microsoft Visual Studio\2019\Community\VC\Tools\MSVC\14.29.30133\include\atomic(2254,5): message : “std::atomic<unsigned int>::atomic(const std::atomic<unsigned int> &)”: 已隐式删除函数
D:\cs\C++\CPP\GBF\Project1\Project1\Benchmark.cpp(99,9): warning C4477: “printf”: 格式字符串“%u”需要类型“unsigned int”的参数，但可变参数 4 拥有了类型“std::atomic<unsigned int>”
D:\cs\C++\CPP\GBF\Project1\Project1\Benchmark.cpp(103,27): error C4839: 将类 "std::atomic<unsigned int>" 作为可变参数函数的参数的非标准用法
D:\cs\C++\CPP\GBF\Project1\Project1\Benchmark.cpp(103,27): message : 不会调用构造函数和析构函数；该类的位副本将作为参数进行传递
C:\Program Files (x86)\Microsoft Visual Studio\2019\Community\VC\Tools\MSVC\14.29.30133\include\atomic(2843,23): message : 参见“std::atomic<unsigned int>”的声明
D:\cs\C++\CPP\GBF\Project1\Project1\Benchmark.cpp(103,40): error C2280: “std::atomic<unsigned int>::atomic(const std::atomic<unsigned int> &)”: 尝试引用已删除的函数
C:\Program Files (x86)\Microsoft Visual Studio\2019\Community\VC\Tools\MSVC\14.29.30133\include\atomic(2254): message : 参见“std::atomic<unsigned int>::atomic”的声明
C:\Program Files (x86)\Microsoft Visual Studio\2019\Community\VC\Tools\MSVC\14.29.30133\include\atomic(2254,5): message : “std::atomic<unsigned int>::atomic(const std::atomic<unsigned int> &)”: 已隐式删除函数
D:\cs\C++\CPP\GBF\Project1\Project1\Benchmark.cpp(102,9): warning C4477: “printf”: 格式字符串“%u”需要类型“unsigned int”的参数，但可变参数 4 拥有了类型“std::atomic<unsigned int>”
